0 verbose cli C:\Program Files\nodejs\node.exe C:\Users\USER\AppData\Roaming\npm\node_modules\npm\bin\npm-cli.js
1 info using npm@11.14.1
2 info using node@v24.14.1
3 silly config load:file:C:\Users\USER\AppData\Roaming\npm\node_modules\npm\npmrc
4 silly config load:file:C:\Users\USER\network tester\.npmrc
5 silly config load:file:C:\Users\USER\.npmrc
6 silly config load:file:C:\Users\USER\AppData\Roaming\npm\etc\npmrc
7 verbose title npm install
8 verbose argv "install" "--loglevel" "verbose"
9 verbose logfile logs-max:10 dir:C:\Users\USER\network tester\.npm-cache\_logs\2026-05-19T13_27_43_944Z-
10 verbose logfile C:\Users\USER\network tester\.npm-cache\_logs\2026-05-19T13_27_43_944Z-debug-0.log
11 silly logfile done cleaning log files
12 silly packumentCache heap:2348810240 maxSize:587202560 maxEntrySize:293601280
13 silly idealTree buildDeps
14 silly fetch manifest app-builder-bin@5.0.0-alpha.12
15 silly packumentCache full:https://registry.npmjs.org/app-builder-bin cache-miss
16 http fetch GET https://registry.npmjs.org/npm attempt 1 failed with ETIMEDOUT
17 http fetch GET https://registry.npmjs.org/app-builder-bin attempt 1 failed with ETIMEDOUT
18 http fetch GET 200 https://registry.npmjs.org/app-builder-bin 37397ms attempt #2 (cache miss)
19 silly packumentCache full:https://registry.npmjs.org/app-builder-bin set size:undefined disposed:false
20 silly placeDep node_modules/builder-util app-builder-bin@5.0.0-alpha.12 OK for: builder-util@26.8.1 want: 5.0.0-alpha.12
21 silly fetch manifest dmg-license@^1.0.11
22 silly packumentCache full:https://registry.npmjs.org/dmg-license cache-miss
23 http fetch GET https://registry.npmjs.org/npm attempt 2 failed with ECONNRESET
24 http fetch GET 200 https://registry.npmjs.org/dmg-license 5133ms (cache miss)
25 silly packumentCache full:https://registry.npmjs.org/dmg-license set size:undefined disposed:false
26 silly placeDep ROOT dmg-license@1.0.11 OK for: dmg-builder@26.8.1 want: ^1.0.11
27 silly fetch manifest @types/plist@^3.0.1
28 silly packumentCache full:https://registry.npmjs.org/@types%2fplist cache-miss
29 silly fetch manifest @types/verror@^1.10.3
30 silly packumentCache full:https://registry.npmjs.org/@types%2fverror cache-miss
31 silly fetch manifest crc@^3.8.0
32 silly packumentCache full:https://registry.npmjs.org/crc cache-miss
33 http fetch GET 200 https://registry.npmjs.org/@types%2fplist 531ms (cache miss)
34 silly packumentCache full:https://registry.npmjs.org/@types%2fplist set size:undefined disposed:false
35 silly fetch manifest iconv-corefoundation@^1.1.7
36 silly packumentCache full:https://registry.npmjs.org/iconv-corefoundation cache-miss
37 http fetch GET 200 https://registry.npmjs.org/iconv-corefoundation 380ms (cache miss)
38 silly packumentCache full:https://registry.npmjs.org/iconv-corefoundation set size:undefined disposed:false
39 silly fetch manifest smart-buffer@^4.0.2
40 silly packumentCache full:https://registry.npmjs.org/smart-buffer cache-miss
41 http fetch GET 200 https://registry.npmjs.org/smart-buffer 220ms (cache miss)
42 silly packumentCache full:https://registry.npmjs.org/smart-buffer set size:undefined disposed:false
43 silly fetch manifest verror@^1.10.0
44 silly packumentCache full:https://registry.npmjs.org/verror cache-miss
45 http fetch GET 200 https://registry.npmjs.org/verror 279ms (cache miss)
46 silly packumentCache full:https://registry.npmjs.org/verror set size:undefined disposed:false
47 http fetch GET https://registry.npmjs.org/@types%2fverror attempt 1 failed with ETIMEDOUT
48 http fetch GET https://registry.npmjs.org/crc attempt 1 failed with ETIMEDOUT
49 http fetch GET 200 https://registry.npmjs.org/@types%2fverror 32030ms attempt #2 (cache miss)
50 silly packumentCache full:https://registry.npmjs.org/@types%2fverror set size:undefined disposed:false
51 http fetch GET https://registry.npmjs.org/crc attempt 2 failed with ETIMEDOUT
52 http fetch GET 200 https://registry.npmjs.org/npm 109118ms attempt #3
53 http fetch GET 200 https://registry.npmjs.org/crc 112339ms attempt #3 (cache miss)
54 silly packumentCache full:https://registry.npmjs.org/crc set size:undefined disposed:false
55 silly placeDep ROOT @types/plist@3.0.5 OK for: dmg-license@1.0.11 want: ^3.0.1
56 silly placeDep ROOT @types/verror@1.10.11 OK for: dmg-license@1.0.11 want: ^1.10.3
57 silly placeDep ROOT crc@3.8.0 OK for: dmg-license@1.0.11 want: ^3.8.0
58 silly placeDep ROOT iconv-corefoundation@1.1.7 OK for: dmg-license@1.0.11 want: ^1.1.7
59 silly placeDep ROOT smart-buffer@4.2.0 OK for: dmg-license@1.0.11 want: ^4.0.2
60 silly placeDep ROOT verror@1.10.1 OK for: dmg-license@1.0.11 want: ^1.10.0
61 silly fetch manifest buffer@^5.1.0
62 silly packumentCache full:https://registry.npmjs.org/buffer cache-miss
63 silly fetch manifest cli-truncate@^2.1.0
64 silly packumentCache full:https://registry.npmjs.org/cli-truncate cache-miss
65 silly fetch manifest node-addon-api@^1.6.3
66 silly packumentCache full:https://registry.npmjs.org/node-addon-api cache-miss
67 http fetch GET 200 https://registry.npmjs.org/buffer 256ms (cache miss)
68 silly packumentCache full:https://registry.npmjs.org/buffer set size:undefined disposed:false
69 silly fetch manifest extsprintf@^1.2.0
70 silly packumentCache full:https://registry.npmjs.org/extsprintf cache-miss
71 http fetch GET 200 https://registry.npmjs.org/extsprintf 195ms (cache miss)
72 silly packumentCache full:https://registry.npmjs.org/extsprintf set size:undefined disposed:false
73 silly fetch manifest assert-plus@^1.0.0
74 silly packumentCache full:https://registry.npmjs.org/assert-plus cache-miss
75 http fetch GET 200 https://registry.npmjs.org/assert-plus 191ms (cache miss)
76 silly packumentCache full:https://registry.npmjs.org/assert-plus set size:undefined disposed:false
77 silly fetch manifest core-util-is@1.0.2
78 silly packumentCache full:https://registry.npmjs.org/core-util-is cache-miss
79 http fetch GET 200 https://registry.npmjs.org/cli-truncate 772ms (cache miss)
80 silly packumentCache full:https://registry.npmjs.org/cli-truncate set size:undefined disposed:false
81 http fetch GET 200 https://registry.npmjs.org/node-addon-api 781ms (cache miss)
82 silly packumentCache full:https://registry.npmjs.org/node-addon-api set size:undefined disposed:false
83 http fetch GET 200 https://registry.npmjs.org/core-util-is 176ms (cache miss)
84 silly packumentCache full:https://registry.npmjs.org/core-util-is set size:undefined disposed:false
85 silly placeDep ROOT buffer@5.7.1 OK for: crc@3.8.0 want: ^5.1.0
86 silly fetch manifest ieee754@^1.1.13
87 silly packumentCache full:https://registry.npmjs.org/ieee754 cache-miss
88 http fetch GET 200 https://registry.npmjs.org/ieee754 207ms (cache miss)
89 silly packumentCache full:https://registry.npmjs.org/ieee754 set size:undefined disposed:false
90 silly placeDep ROOT ieee754@1.2.1 OK for: buffer@5.7.1 want: ^1.1.13
91 silly placeDep ROOT cli-truncate@2.1.0 OK for: iconv-corefoundation@1.1.7 want: ^2.1.0
92 silly placeDep ROOT node-addon-api@1.7.2 OK for: iconv-corefoundation@1.1.7 want: ^1.6.3
93 silly fetch manifest slice-ansi@^3.0.0
94 silly packumentCache full:https://registry.npmjs.org/slice-ansi cache-miss
95 http fetch GET 200 https://registry.npmjs.org/slice-ansi 181ms (cache miss)
96 silly packumentCache full:https://registry.npmjs.org/slice-ansi set size:undefined disposed:false
97 silly placeDep ROOT slice-ansi@3.0.0 OK for: cli-truncate@2.1.0 want: ^3.0.0
98 silly fetch manifest astral-regex@^2.0.0
99 silly packumentCache full:https://registry.npmjs.org/astral-regex cache-miss
100 http fetch GET 200 https://registry.npmjs.org/astral-regex 180ms (cache miss)
101 silly packumentCache full:https://registry.npmjs.org/astral-regex set size:undefined disposed:false
102 silly placeDep ROOT astral-regex@2.0.0 OK for: slice-ansi@3.0.0 want: ^2.0.0
103 silly placeDep ROOT assert-plus@1.0.0 OK for: verror@1.10.1 want: ^1.0.0
104 silly placeDep ROOT core-util-is@1.0.2 OK for: verror@1.10.1 want: 1.0.2
105 silly placeDep ROOT extsprintf@1.4.1 OK for: verror@1.10.1 want: ^1.2.0
106 silly reify mark retired [ 'C:\\Users\\USER\\network tester\\node_modules\\app-builder-bin' ]
107 silly reify mark retired [
107 silly reify   'C:\\Users\\USER\\network tester\\node_modules\\app-builder-lib\\node_modules\\semver',
107 silly reify   'C:\\Users\\USER\\network tester\\node_modules\\app-builder-lib\\node_modules\\.bin\\semver',
107 silly reify   'C:\\Users\\USER\\network tester\\node_modules\\app-builder-lib\\node_modules\\.bin\\semver.cmd',
107 silly reify   'C:\\Users\\USER\\network tester\\node_modules\\app-builder-lib\\node_modules\\.bin\\semver.ps1'
107 silly reify ]
108 silly reify mark retired [
108 silly reify   'C:\\Users\\USER\\network tester\\node_modules\\app-builder-lib\\node_modules\\@electron\\get\\node_modules\\semver',
108 silly reify   'C:\\Users\\USER\\network tester\\node_modules\\app-builder-lib\\node_modules\\@electron\\get\\node_modules\\.bin\\semver',
108 silly reify   'C:\\Users\\USER\\network tester\\node_modules\\app-builder-lib\\node_modules\\@electron\\get\\node_modules\\.bin\\semver.cmd',
108 silly reify   'C:\\Users\\USER\\network tester\\node_modules\\app-builder-lib\\node_modules\\@electron\\get\\node_modules\\.bin\\semver.ps1'
108 silly reify ]
109 silly reify mark retired [
109 silly reify   'C:\\Users\\USER\\network tester\\node_modules\\cross-spawn\\node_modules\\which',
109 silly reify   'C:\\Users\\USER\\network tester\\node_modules\\cross-spawn\\node_modules\\.bin\\node-which',
109 silly reify   'C:\\Users\\USER\\network tester\\node_modules\\cross-spawn\\node_modules\\.bin\\node-which.cmd',
109 silly reify   'C:\\Users\\USER\\network tester\\node_modules\\cross-spawn\\node_modules\\.bin\\node-which.ps1'
109 silly reify ]
110 silly reify mark retired [
110 silly reify   'C:\\Users\\USER\\network tester\\node_modules\\ejs',
110 silly reify   'C:\\Users\\USER\\network tester\\node_modules\\.bin\\ejs',
110 silly reify   'C:\\Users\\USER\\network tester\\node_modules\\.bin\\ejs.cmd',
110 silly reify   'C:\\Users\\USER\\network tester\\node_modules\\.bin\\ejs.ps1'
110 silly reify ]
111 silly reify mark retired [
111 silly reify   'C:\\Users\\USER\\network tester\\node_modules\\electron',
111 silly reify   'C:\\Users\\USER\\network tester\\node_modules\\.bin\\electron',
111 silly reify   'C:\\Users\\USER\\network tester\\node_modules\\.bin\\electron.cmd',
111 silly reify   'C:\\Users\\USER\\network tester\\node_modules\\.bin\\electron.ps1'
111 silly reify ]
112 silly reify mark retired [
112 silly reify   'C:\\Users\\USER\\network tester\\node_modules\\electron-builder',
112 silly reify   'C:\\Users\\USER\\network tester\\node_modules\\.bin\\electron-builder',
112 silly reify   'C:\\Users\\USER\\network tester\\node_modules\\.bin\\electron-builder.cmd',
112 silly reify   'C:\\Users\\USER\\network tester\\node_modules\\.bin\\electron-builder.ps1',
112 silly reify   'C:\\Users\\USER\\network tester\\node_modules\\.bin\\install-app-deps',
112 silly reify   'C:\\Users\\USER\\network tester\\node_modules\\.bin\\install-app-deps.cmd',
112 silly reify   'C:\\Users\\USER\\network tester\\node_modules\\.bin\\install-app-deps.ps1'
112 silly reify ]
113 silly reify mark retired [
113 silly reify   'C:\\Users\\USER\\network tester\\node_modules\\extract-zip',
113 silly reify   'C:\\Users\\USER\\network tester\\node_modules\\.bin\\extract-zip',
113 silly reify   'C:\\Users\\USER\\network tester\\node_modules\\.bin\\extract-zip.cmd',
113 silly reify   'C:\\Users\\USER\\network tester\\node_modules\\.bin\\extract-zip.ps1'
113 silly reify ]
114 silly reify mark retired [
114 silly reify   'C:\\Users\\USER\\network tester\\node_modules\\global-agent\\node_modules\\semver',
114 silly reify   'C:\\Users\\USER\\network tester\\node_modules\\global-agent\\node_modules\\.bin\\semver',
114 silly reify   'C:\\Users\\USER\\network tester\\node_modules\\global-agent\\node_modules\\.bin\\semver.cmd',
114 silly reify   'C:\\Users\\USER\\network tester\\node_modules\\global-agent\\node_modules\\.bin\\semver.ps1'
114 silly reify ]
115 silly reify mark retired [
115 silly reify   'C:\\Users\\USER\\network tester\\node_modules\\jake',
115 silly reify   'C:\\Users\\USER\\network tester\\node_modules\\.bin\\jake',
115 silly reify   'C:\\Users\\USER\\network tester\\node_modules\\.bin\\jake.cmd',
115 silly reify   'C:\\Users\\USER\\network tester\\node_modules\\.bin\\jake.ps1'
115 silly reify ]
116 silly reify mark retired [
116 silly reify   'C:\\Users\\USER\\network tester\\node_modules\\jiti',
116 silly reify   'C:\\Users\\USER\\network tester\\node_modules\\.bin\\jiti',
116 silly reify   'C:\\Users\\USER\\network tester\\node_modules\\.bin\\jiti.cmd',
116 silly reify   'C:\\Users\\USER\\network tester\\node_modules\\.bin\\jiti.ps1'
116 silly reify ]
117 silly reify mark retired [
117 silly reify   'C:\\Users\\USER\\network tester\\node_modules\\js-yaml',
117 silly reify   'C:\\Users\\USER\\network tester\\node_modules\\.bin\\js-yaml',
117 silly reify   'C:\\Users\\USER\\network tester\\node_modules\\.bin\\js-yaml.cmd',
117 silly reify   'C:\\Users\\USER\\network tester\\node_modules\\.bin\\js-yaml.ps1'
117 silly reify ]
118 silly reify mark retired [
118 silly reify   'C:\\Users\\USER\\network tester\\node_modules\\json5',
118 silly reify   'C:\\Users\\USER\\network tester\\node_modules\\.bin\\json5',
118 silly reify   'C:\\Users\\USER\\network tester\\node_modules\\.bin\\json5.cmd',
118 silly reify   'C:\\Users\\USER\\network tester\\node_modules\\.bin\\json5.ps1'
118 silly reify ]
119 silly reify mark retired [
119 silly reify   'C:\\Users\\USER\\network tester\\node_modules\\mime',
119 silly reify   'C:\\Users\\USER\\network tester\\node_modules\\.bin\\mime',
119 silly reify   'C:\\Users\\USER\\network tester\\node_modules\\.bin\\mime.cmd',
119 silly reify   'C:\\Users\\USER\\network tester\\node_modules\\.bin\\mime.ps1'
119 silly reify ]
120 silly reify mark retired [
120 silly reify   'C:\\Users\\USER\\network tester\\node_modules\\mkdirp',
120 silly reify   'C:\\Users\\USER\\network tester\\node_modules\\.bin\\mkdirp',
120 silly reify   'C:\\Users\\USER\\network tester\\node_modules\\.bin\\mkdirp.cmd',
120 silly reify   'C:\\Users\\USER\\network tester\\node_modules\\.bin\\mkdirp.ps1'
120 silly reify ]
121 silly reify mark retired [
121 silly reify   'C:\\Users\\USER\\network tester\\node_modules\\node-abi\\node_modules\\semver',
121 silly reify   'C:\\Users\\USER\\network tester\\node_modules\\node-abi\\node_modules\\.bin\\semver',
121 silly reify   'C:\\Users\\USER\\network tester\\node_modules\\node-abi\\node_modules\\.bin\\semver.cmd',
121 silly reify   'C:\\Users\\USER\\network tester\\node_modules\\node-abi\\node_modules\\.bin\\semver.ps1'
121 silly reify ]
122 silly reify mark retired [
122 silly reify   'C:\\Users\\USER\\network tester\\node_modules\\node-gyp',
122 silly reify   'C:\\Users\\USER\\network tester\\node_modules\\.bin\\node-gyp',
122 silly reify   'C:\\Users\\USER\\network tester\\node_modules\\.bin\\node-gyp.cmd',
122 silly reify   'C:\\Users\\USER\\network tester\\node_modules\\.bin\\node-gyp.ps1'
122 silly reify ]
123 silly reify mark retired [
123 silly reify   'C:\\Users\\USER\\network tester\\node_modules\\node-api-version\\node_modules\\semver',
123 silly reify   'C:\\Users\\USER\\network tester\\node_modules\\node-api-version\\node_modules\\.bin\\semver',
123 silly reify   'C:\\Users\\USER\\network tester\\node_modules\\node-api-version\\node_modules\\.bin\\semver.cmd',
123 silly reify   'C:\\Users\\USER\\network tester\\node_modules\\node-api-version\\node_modules\\.bin\\semver.ps1'
123 silly reify ]
124 silly reify mark retired [
124 silly reify   'C:\\Users\\USER\\network tester\\node_modules\\nopt',
124 silly reify   'C:\\Users\\USER\\network tester\\node_modules\\.bin\\nopt',
124 silly reify   'C:\\Users\\USER\\network tester\\node_modules\\.bin\\nopt.cmd',
124 silly reify   'C:\\Users\\USER\\network tester\\node_modules\\.bin\\nopt.ps1'
124 silly reify ]
125 silly reify mark retired [
125 silly reify   'C:\\Users\\USER\\network tester\\node_modules\\postject',
125 silly reify   'C:\\Users\\USER\\network tester\\node_modules\\.bin\\postject',
125 silly reify   'C:\\Users\\USER\\network tester\\node_modules\\.bin\\postject.cmd',
125 silly reify   'C:\\Users\\USER\\network tester\\node_modules\\.bin\\postject.ps1'
125 silly reify ]
126 silly reify mark retired [
126 silly reify   'C:\\Users\\USER\\network tester\\node_modules\\read-binary-file-arch',
126 silly reify   'C:\\Users\\USER\\network tester\\node_modules\\.bin\\read-binary-file-arch',
126 silly reify   'C:\\Users\\USER\\network tester\\node_modules\\.bin\\read-binary-file-arch.cmd',
126 silly reify   'C:\\Users\\USER\\network tester\\node_modules\\.bin\\read-binary-file-arch.ps1'
126 silly reify ]
127 silly reify mark retired [
127 silly reify   'C:\\Users\\USER\\network tester\\node_modules\\rimraf',
127 silly reify   'C:\\Users\\USER\\network tester\\node_modules\\.bin\\rimraf',
127 silly reify   'C:\\Users\\USER\\network tester\\node_modules\\.bin\\rimraf.cmd',
127 silly reify   'C:\\Users\\USER\\network tester\\node_modules\\.bin\\rimraf.ps1'
127 silly reify ]
128 silly reify mark retired [
128 silly reify   'C:\\Users\\USER\\network tester\\node_modules\\semver',
128 silly reify   'C:\\Users\\USER\\network tester\\node_modules\\.bin\\semver',
128 silly reify   'C:\\Users\\USER\\network tester\\node_modules\\.bin\\semver.cmd',
128 silly reify   'C:\\Users\\USER\\network tester\\node_modules\\.bin\\semver.ps1'
128 silly reify ]
129 silly reify mark retired [
129 silly reify   'C:\\Users\\USER\\network tester\\node_modules\\simple-update-notifier\\node_modules\\semver',
129 silly reify   'C:\\Users\\USER\\network tester\\node_modules\\simple-update-notifier\\node_modules\\.bin\\semver',
129 silly reify   'C:\\Users\\USER\\network tester\\node_modules\\simple-update-notifier\\node_modules\\.bin\\semver.cmd',
129 silly reify   'C:\\Users\\USER\\network tester\\node_modules\\simple-update-notifier\\node_modules\\.bin\\semver.ps1'
129 silly reify ]
130 silly reify mark retired [
130 silly reify   'C:\\Users\\USER\\network tester\\node_modules\\tiny-async-pool\\node_modules\\semver',
130 silly reify   'C:\\Users\\USER\\network tester\\node_modules\\tiny-async-pool\\node_modules\\.bin\\semver',
130 silly reify   'C:\\Users\\USER\\network tester\\node_modules\\tiny-async-pool\\node_modules\\.bin\\semver.cmd',
130 silly reify   'C:\\Users\\USER\\network tester\\node_modules\\tiny-async-pool\\node_modules\\.bin\\semver.ps1'
130 silly reify ]
131 silly reify mark retired [
131 silly reify   'C:\\Users\\USER\\network tester\\node_modules\\which',
131 silly reify   'C:\\Users\\USER\\network tester\\node_modules\\.bin\\node-which',
131 silly reify   'C:\\Users\\USER\\network tester\\node_modules\\.bin\\node-which.cmd',
131 silly reify   'C:\\Users\\USER\\network tester\\node_modules\\.bin\\node-which.ps1'
131 silly reify ]
132 silly reify mark retired [
132 silly reify   'C:\\Users\\USER\\network tester\\node_modules\\@electron\\asar',
132 silly reify   'C:\\Users\\USER\\network tester\\node_modules\\.bin\\asar',
132 silly reify   'C:\\Users\\USER\\network tester\\node_modules\\.bin\\asar.cmd',
132 silly reify   'C:\\Users\\USER\\network tester\\node_modules\\.bin\\asar.ps1'
132 silly reify ]
133 silly reify mark retired [
133 silly reify   'C:\\Users\\USER\\network tester\\node_modules\\@electron\\fuses',
133 silly reify   'C:\\Users\\USER\\network tester\\node_modules\\.bin\\electron-fuses',
133 silly reify   'C:\\Users\\USER\\network tester\\node_modules\\.bin\\electron-fuses.cmd',
133 silly reify   'C:\\Users\\USER\\network tester\\node_modules\\.bin\\electron-fuses.ps1'
133 silly reify ]
134 silly reify mark retired [
134 silly reify   'C:\\Users\\USER\\network tester\\node_modules\\@electron\\osx-sign',
134 silly reify   'C:\\Users\\USER\\network tester\\node_modules\\.bin\\electron-osx-flat',
134 silly reify   'C:\\Users\\USER\\network tester\\node_modules\\.bin\\electron-osx-flat.cmd',
134 silly reify   'C:\\Users\\USER\\network tester\\node_modules\\.bin\\electron-osx-flat.ps1',
134 silly reify   'C:\\Users\\USER\\network tester\\node_modules\\.bin\\electron-osx-sign',
134 silly reify   'C:\\Users\\USER\\network tester\\node_modules\\.bin\\electron-osx-sign.cmd',
134 silly reify   'C:\\Users\\USER\\network tester\\node_modules\\.bin\\electron-osx-sign.ps1'
134 silly reify ]
135 silly reify mark retired [
135 silly reify   'C:\\Users\\USER\\network tester\\node_modules\\@electron\\rebuild',
135 silly reify   'C:\\Users\\USER\\network tester\\node_modules\\.bin\\electron-rebuild',
135 silly reify   'C:\\Users\\USER\\network tester\\node_modules\\.bin\\electron-rebuild.cmd',
135 silly reify   'C:\\Users\\USER\\network tester\\node_modules\\.bin\\electron-rebuild.ps1'
135 silly reify ]
136 silly reify mark retired [
136 silly reify   'C:\\Users\\USER\\network tester\\node_modules\\@electron\\windows-sign',
136 silly reify   'C:\\Users\\USER\\network tester\\node_modules\\.bin\\electron-windows-sign',
136 silly reify   'C:\\Users\\USER\\network tester\\node_modules\\.bin\\electron-windows-sign.cmd',
136 silly reify   'C:\\Users\\USER\\network tester\\node_modules\\.bin\\electron-windows-sign.ps1'
136 silly reify ]
137 silly reify moves {
137 silly reify   'C:\\Users\\USER\\network tester\\node_modules\\app-builder-bin': 'C:\\Users\\USER\\network tester\\node_modules\\.app-builder-bin-Tfhf4mtq',
137 silly reify   'C:\\Users\\USER\\network tester\\node_modules\\app-builder-lib\\node_modules\\semver': 'C:\\Users\\USER\\network tester\\node_modules\\app-builder-lib\\node_modules\\.semver-uFRpNkvd',
137 silly reify   'C:\\Users\\USER\\network tester\\node_modules\\app-builder-lib\\node_modules\\.bin\\semver': 'C:\\Users\\USER\\network tester\\node_modules\\app-builder-lib\\node_modules\\.bin\\.semver-MeuasybK',
137 silly reify   'C:\\Users\\USER\\network tester\\node_modules\\app-builder-lib\\node_modules\\.bin\\semver.cmd': 'C:\\Users\\USER\\network tester\\node_modules\\app-builder-lib\\node_modules\\.bin\\.semver.cmd-4zqTUfBe',
137 silly reify   'C:\\Users\\USER\\network tester\\node_modules\\app-builder-lib\\node_modules\\.bin\\semver.ps1': 'C:\\Users\\USER\\network tester\\node_modules\\app-builder-lib\\node_modules\\.bin\\.semver.ps1-VVEcwZ2E',
137 silly reify   'C:\\Users\\USER\\network tester\\node_modules\\app-builder-lib\\node_modules\\@electron\\get\\node_modules\\semver': 'C:\\Users\\USER\\network tester\\node_modules\\app-builder-lib\\node_modules\\@electron\\get\\node_modules\\.semver-ziGB7t9Q',
137 silly reify   'C:\\Users\\USER\\network tester\\node_modules\\app-builder-lib\\node_modules\\@electron\\get\\node_modules\\.bin\\semver': 'C:\\Users\\USER\\network tester\\node_modules\\app-builder-lib\\node_modules\\@electron\\get\\node_modules\\.bin\\.semver-6O7PcgVu',
137 silly reify   'C:\\Users\\USER\\network tester\\node_modules\\app-builder-lib\\node_modules\\@electron\\get\\node_modules\\.bin\\semver.cmd': 'C:\\Users\\USER\\network tester\\node_modules\\app-builder-lib\\node_modules\\@electron\\get\\node_modules\\.bin\\.semver.cmd-LVA7y4Qt',
137 silly reify   'C:\\Users\\USER\\network tester\\node_modules\\app-builder-lib\\node_modules\\@electron\\get\\node_modules\\.bin\\semver.ps1': 'C:\\Users\\USER\\network tester\\node_modules\\app-builder-lib\\node_modules\\@electron\\get\\node_modules\\.bin\\.semver.ps1-6T8YA85H',
137 silly reify   'C:\\Users\\USER\\network tester\\node_modules\\cross-spawn\\node_modules\\which': 'C:\\Users\\USER\\network tester\\node_modules\\cross-spawn\\node_modules\\.which-XZyfa7yf',
137 silly reify   'C:\\Users\\USER\\network tester\\node_modules\\cross-spawn\\node_modules\\.bin\\node-which': 'C:\\Users\\USER\\network tester\\node_modules\\cross-spawn\\node_modules\\.bin\\.node-which-DA7uZ9BQ',
137 silly reify   'C:\\Users\\USER\\network tester\\node_modules\\cross-spawn\\node_modules\\.bin\\node-which.cmd': 'C:\\Users\\USER\\network tester\\node_modules\\cross-spawn\\node_modules\\.bin\\.node-which.cmd-WeauDz0x',
137 silly reify   'C:\\Users\\USER\\network tester\\node_modules\\cross-spawn\\node_modules\\.bin\\node-which.ps1': 'C:\\Users\\USER\\network tester\\node_modules\\cross-spawn\\node_modules\\.bin\\.node-which.ps1-NHXCvR3v',
137 silly reify   'C:\\Users\\USER\\network tester\\node_modules\\ejs': 'C:\\Users\\USER\\network tester\\node_modules\\.ejs-dMFchl59',
137 silly reify   'C:\\Users\\USER\\network tester\\node_modules\\.bin\\ejs': 'C:\\Users\\USER\\network tester\\node_modules\\.bin\\.ejs-VjSqZT26',
137 silly reify   'C:\\Users\\USER\\network tester\\node_modules\\.bin\\ejs.cmd': 'C:\\Users\\USER\\network tester\\node_modules\\.bin\\.ejs.cmd-NGNNnnKk',
137 silly reify   'C:\\Users\\USER\\network tester\\node_modules\\.bin\\ejs.ps1': 'C:\\Users\\USER\\network tester\\node_modules\\.bin\\.ejs.ps1-RW6Kv8t4',
137 silly reify   'C:\\Users\\USER\\network tester\\node_modules\\electron': 'C:\\Users\\USER\\network tester\\node_modules\\.electron-hA3RMRuS',
137 silly reify   'C:\\Users\\USER\\network tester\\node_modules\\.bin\\electron': 'C:\\Users\\USER\\network tester\\node_modules\\.bin\\.electron-jsOe3AFa',
137 silly reify   'C:\\Users\\USER\\network tester\\node_modules\\.bin\\electron.cmd': 'C:\\Users\\USER\\network tester\\node_modules\\.bin\\.electron.cmd-955bAdf6',
137 silly reify   'C:\\Users\\USER\\network tester\\node_modules\\.bin\\electron.ps1': 'C:\\Users\\USER\\network tester\\node_modules\\.bin\\.electron.ps1-BsJGYVww',
137 silly reify   'C:\\Users\\USER\\network tester\\node_modules\\electron-builder': 'C:\\Users\\USER\\network tester\\node_modules\\.electron-builder-O25dPvsR',
137 silly reify   'C:\\Users\\USER\\network tester\\node_modules\\.bin\\electron-builder': 'C:\\Users\\USER\\network tester\\node_modules\\.bin\\.electron-builder-qdrTtiyv',
137 silly reify   'C:\\Users\\USER\\network tester\\node_modules\\.bin\\electron-builder.cmd': 'C:\\Users\\USER\\network tester\\node_modules\\.bin\\.electron-builder.cmd-kgGlzOc7',
137 silly reify   'C:\\Users\\USER\\network tester\\node_modules\\.bin\\electron-builder.ps1': 'C:\\Users\\USER\\network tester\\node_modules\\.bin\\.electron-builder.ps1-O4smmSo5',
137 silly reify   'C:\\Users\\USER\\network tester\\node_modules\\.bin\\install-app-deps': 'C:\\Users\\USER\\network tester\\node_modules\\.bin\\.install-app-deps-Z0c3Nugw',
137 silly reify   'C:\\Users\\USER\\network tester\\node_modules\\.bin\\install-app-deps.cmd': 'C:\\Users\\USER\\network tester\\node_modules\\.bin\\.install-app-deps.cmd-3PfWyuV0',
137 silly reify   'C:\\Users\\USER\\network tester\\node_modules\\.bin\\install-app-deps.ps1': 'C:\\Users\\USER\\network tester\\node_modules\\.bin\\.install-app-deps.ps1-NKJNFvSl',
137 silly reify   'C:\\Users\\USER\\network tester\\node_modules\\extract-zip': 'C:\\Users\\USER\\network tester\\node_modules\\.extract-zip-N5FxISxP',
137 silly reify   'C:\\Users\\USER\\network tester\\node_modules\\.bin\\extract-zip': 'C:\\Users\\USER\\network tester\\node_modules\\.bin\\.extract-zip-GKWd16Wj',
137 silly reify   'C:\\Users\\USER\\network tester\\node_modules\\.bin\\extract-zip.cmd': 'C:\\Users\\USER\\network tester\\node_modules\\.bin\\.extract-zip.cmd-HTN9jda5',
137 silly reify   'C:\\Users\\USER\\network tester\\node_modules\\.bin\\extract-zip.ps1': 'C:\\Users\\USER\\network tester\\node_modules\\.bin\\.extract-zip.ps1-uBLTCnoh',
137 silly reify   'C:\\Users\\USER\\network tester\\node_modules\\global-agent\\node_modules\\semver': 'C:\\Users\\USER\\network tester\\node_modules\\global-agent\\node_modules\\.semver-H7s7OBoh',
137 silly reify   'C:\\Users\\USER\\network tester\\node_modules\\global-agent\\node_modules\\.bin\\semver': 'C:\\Users\\USER\\network tester\\node_modules\\global-agent\\node_modules\\.bin\\.semver-T5SXnysM',
137 silly reify   'C:\\Users\\USER\\network tester\\node_modules\\global-agent\\node_modules\\.bin\\semver.cmd': 'C:\\Users\\USER\\network tester\\node_modules\\global-agent\\node_modules\\.bin\\.semver.cmd-GSEGuzYa',
137 silly reify   'C:\\Users\\USER\\network tester\\node_modules\\global-agent\\node_modules\\.bin\\semver.ps1': 'C:\\Users\\USER\\network tester\\node_modules\\global-agent\\node_modules\\.bin\\.semver.ps1-UYZKx1x8',
137 silly reify   'C:\\Users\\USER\\network tester\\node_modules\\jake': 'C:\\Users\\USER\\network tester\\node_modules\\.jake-ecyvwbQ2',
137 silly reify   'C:\\Users\\USER\\network tester\\node_modules\\.bin\\jake': 'C:\\Users\\USER\\network tester\\node_modules\\.bin\\.jake-44V2WYJ3',
137 silly reify   'C:\\Users\\USER\\network tester\\node_modules\\.bin\\jake.cmd': 'C:\\Users\\USER\\network tester\\node_modules\\.bin\\.jake.cmd-THIQ4zfH',
137 silly reify   'C:\\Users\\USER\\network tester\\node_modules\\.bin\\jake.ps1': 'C:\\Users\\USER\\network tester\\node_modules\\.bin\\.jake.ps1-obNdJMZS',
137 silly reify   'C:\\Users\\USER\\network tester\\node_modules\\jiti': 'C:\\Users\\USER\\network tester\\node_modules\\.jiti-EFGtNBeb',
137 silly reify   'C:\\Users\\USER\\network tester\\node_modules\\.bin\\jiti': 'C:\\Users\\USER\\network tester\\node_modules\\.bin\\.jiti-YJ988dry',
137 silly reify   'C:\\Users\\USER\\network tester\\node_modules\\.bin\\jiti.cmd': 'C:\\Users\\USER\\network tester\\node_modules\\.bin\\.jiti.cmd-MBehjKHy',
137 silly reify   'C:\\Users\\USER\\network tester\\node_modules\\.bin\\jiti.ps1': 'C:\\Users\\USER\\network tester\\node_modules\\.bin\\.jiti.ps1-uMsD9s0l',
137 silly reify   'C:\\Users\\USER\\network tester\\node_modules\\js-yaml': 'C:\\Users\\USER\\network tester\\node_modules\\.js-yaml-cJySNhb9',
137 silly reify   'C:\\Users\\USER\\network tester\\node_modules\\.bin\\js-yaml': 'C:\\Users\\USER\\network tester\\node_modules\\.bin\\.js-yaml-8eT3b0pC',
137 silly reify   'C:\\Users\\USER\\network tester\\node_modules\\.bin\\js-yaml.cmd': 'C:\\Users\\USER\\network tester\\node_modules\\.bin\\.js-yaml.cmd-JkokICaW',
137 silly reify   'C:\\Users\\USER\\network tester\\node_modules\\.bin\\js-yaml.ps1': 'C:\\Users\\USER\\network tester\\node_modules\\.bin\\.js-yaml.ps1-JV1GtAK1',
137 silly reify   'C:\\Users\\USER\\network tester\\node_modules\\json5': 'C:\\Users\\USER\\network tester\\node_modules\\.json5-SrSjMNt2',
137 silly reify   'C:\\Users\\USER\\network tester\\node_modules\\.bin\\json5': 'C:\\Users\\USER\\network tester\\node_modules\\.bin\\.json5-S5ykCISf',
137 silly reify   'C:\\Users\\USER\\network tester\\node_modules\\.bin\\json5.cmd': 'C:\\Users\\USER\\network tester\\node_modules\\.bin\\.json5.cmd-8Y8PvpFP',
137 silly reify   'C:\\Users\\USER\\network tester\\node_modules\\.bin\\json5.ps1': 'C:\\Users\\USER\\network tester\\node_modules\\.bin\\.json5.ps1-umva923m',
137 silly reify   'C:\\Users\\USER\\network tester\\node_modules\\mime': 'C:\\Users\\USER\\network tester\\node_modules\\.mime-NKXCHmYp',
137 silly reify   'C:\\Users\\USER\\network tester\\node_modules\\.bin\\mime': 'C:\\Users\\USER\\network tester\\node_modules\\.bin\\.mime-2VijdMzq',
137 silly reify   'C:\\Users\\USER\\network tester\\node_modules\\.bin\\mime.cmd': 'C:\\Users\\USER\\network tester\\node_modules\\.bin\\.mime.cmd-R8C9ZDqL',
137 silly reify   'C:\\Users\\USER\\network tester\\node_modules\\.bin\\mime.ps1': 'C:\\Users\\USER\\network tester\\node_modules\\.bin\\.mime.ps1-GULeZ87Y',
137 silly reify   'C:\\Users\\USER\\network tester\\node_modules\\mkdirp': 'C:\\Users\\USER\\network tester\\node_modules\\.mkdirp-nJbtvRX2',
137 silly reify   'C:\\Users\\USER\\network tester\\node_modules\\.bin\\mkdirp': 'C:\\Users\\USER\\network tester\\node_modules\\.bin\\.mkdirp-RiFe2ErL',
137 silly reify   'C:\\Users\\USER\\network tester\\node_modules\\.bin\\mkdirp.cmd': 'C:\\Users\\USER\\network tester\\node_modules\\.bin\\.mkdirp.cmd-OXF5WenU',
137 silly reify   'C:\\Users\\USER\\network tester\\node_modules\\.bin\\mkdirp.ps1': 'C:\\Users\\USER\\network tester\\node_modules\\.bin\\.mkdirp.ps1-sAagyTNA',
137 silly reify   'C:\\Users\\USER\\network tester\\node_modules\\node-abi\\node_modules\\semver': 'C:\\Users\\USER\\network tester\\node_modules\\node-abi\\node_modules\\.semver-r6QGsrEM',
137 silly reify   'C:\\Users\\USER\\network tester\\node_modules\\node-abi\\node_modules\\.bin\\semver': 'C:\\Users\\USER\\network tester\\node_modules\\node-abi\\node_modules\\.bin\\.semver-FfycvzAQ',
137 silly reify   'C:\\Users\\USER\\network tester\\node_modules\\node-abi\\node_modules\\.bin\\semver.cmd': 'C:\\Users\\USER\\network tester\\node_modules\\node-abi\\node_modules\\.bin\\.semver.cmd-5hzkL1nC',
137 silly reify   'C:\\Users\\USER\\network tester\\node_modules\\node-abi\\node_modules\\.bin\\semver.ps1': 'C:\\Users\\USER\\network tester\\node_modules\\node-abi\\node_modules\\.bin\\.semver.ps1-02hYVAf5',
137 silly reify   'C:\\Users\\USER\\network tester\\node_modules\\node-gyp': 'C:\\Users\\USER\\network tester\\node_modules\\.node-gyp-ghuv3rOZ',
137 silly reify   'C:\\Users\\USER\\network tester\\node_modules\\.bin\\node-gyp': 'C:\\Users\\USER\\network tester\\node_modules\\.bin\\.node-gyp-WIt2LycW',
137 silly reify   'C:\\Users\\USER\\network tester\\node_modules\\.bin\\node-gyp.cmd': 'C:\\Users\\USER\\network tester\\node_modules\\.bin\\.node-gyp.cmd-SLrFChRj',
137 silly reify   'C:\\Users\\USER\\network tester\\node_modules\\.bin\\node-gyp.ps1': 'C:\\Users\\USER\\network tester\\node_modules\\.bin\\.node-gyp.ps1-QKi0BfHS',
137 silly reify   'C:\\Users\\USER\\network tester\\node_modules\\node-api-version\\node_modules\\semver': 'C:\\Users\\USER\\network tester\\node_modules\\node-api-version\\node_modules\\.semver-ms9RyTIV',
137 silly reify   'C:\\Users\\USER\\network tester\\node_modules\\node-api-version\\node_modules\\.bin\\semver': 'C:\\Users\\USER\\network tester\\node_modules\\node-api-version\\node_modules\\.bin\\.semver-qwFFg5NE',
137 silly reify   'C:\\Users\\USER\\network tester\\node_modules\\node-api-version\\node_modules\\.bin\\semver.cmd': 'C:\\Users\\USER\\network tester\\node_modules\\node-api-version\\node_modules\\.bin\\.semver.cmd-XAOYXxLQ',
137 silly reify   'C:\\Users\\USER\\network tester\\node_modules\\node-api-version\\node_modules\\.bin\\semver.ps1': 'C:\\Users\\USER\\network tester\\node_modules\\node-api-version\\node_modules\\.bin\\.semver.ps1-oVNGkZjg',
137 silly reify   'C:\\Users\\USER\\network tester\\node_modules\\nopt': 'C:\\Users\\USER\\network tester\\node_modules\\.nopt-15gu6hch',
137 silly reify   'C:\\Users\\USER\\network tester\\node_modules\\.bin\\nopt': 'C:\\Users\\USER\\network tester\\node_modules\\.bin\\.nopt-LVjpU9wB',
137 silly reify   'C:\\Users\\USER\\network tester\\node_modules\\.bin\\nopt.cmd': 'C:\\Users\\USER\\network tester\\node_modules\\.bin\\.nopt.cmd-cqVRMVwU',
137 silly reify   'C:\\Users\\USER\\network tester\\node_modules\\.bin\\nopt.ps1': 'C:\\Users\\USER\\network tester\\node_modules\\.bin\\.nopt.ps1-fYumsQ62',
137 silly reify   'C:\\Users\\USER\\network tester\\node_modules\\postject': 'C:\\Users\\USER\\network tester\\node_modules\\.postject-yqCjjjs9',
137 silly reify   'C:\\Users\\USER\\network tester\\node_modules\\.bin\\postject': 'C:\\Users\\USER\\network tester\\node_modules\\.bin\\.postject-ReX9Niih',
137 silly reify   'C:\\Users\\USER\\network tester\\node_modules\\.bin\\postject.cmd': 'C:\\Users\\USER\\network tester\\node_modules\\.bin\\.postject.cmd-Td2YF81B',
137 silly reify   'C:\\Users\\USER\\network tester\\node_modules\\.bin\\postject.ps1': 'C:\\Users\\USER\\network tester\\node_modules\\.bin\\.postject.ps1-XjwV7oR3',
137 silly reify   'C:\\Users\\USER\\network tester\\node_modules\\read-binary-file-arch': 'C:\\Users\\USER\\network tester\\node_modules\\.read-binary-file-arch-7731dXOM',
137 silly reify   'C:\\Users\\USER\\network tester\\node_modules\\.bin\\read-binary-file-arch': 'C:\\Users\\USER\\network tester\\node_modules\\.bin\\.read-binary-file-arch-6aEP7EHi',
137 silly reify   'C:\\Users\\USER\\network tester\\node_modules\\.bin\\read-binary-file-arch.cmd': 'C:\\Users\\USER\\network tester\\node_modules\\.bin\\.read-binary-file-arch.cmd-ntgii4l8',
137 silly reify   'C:\\Users\\USER\\network tester\\node_modules\\.bin\\read-binary-file-arch.ps1': 'C:\\Users\\USER\\network tester\\node_modules\\.bin\\.read-binary-file-arch.ps1-0kT2q408',
137 silly reify   'C:\\Users\\USER\\network tester\\node_modules\\rimraf': 'C:\\Users\\USER\\network tester\\node_modules\\.rimraf-dcBKSzV6',
137 silly reify   'C:\\Users\\USER\\network tester\\node_modules\\.bin\\rimraf': 'C:\\Users\\USER\\network tester\\node_modules\\.bin\\.rimraf-R586B866',
137 silly reify   'C:\\Users\\USER\\network tester\\node_modules\\.bin\\rimraf.cmd': 'C:\\Users\\USER\\network tester\\node_modules\\.bin\\.rimraf.cmd-yaubfian',
137 silly reify   'C:\\Users\\USER\\network tester\\node_modules\\.bin\\rimraf.ps1': 'C:\\Users\\USER\\network tester\\node_modules\\.bin\\.rimraf.ps1-3hYrianP',
137 silly reify   'C:\\Users\\USER\\network tester\\node_modules\\semver': 'C:\\Users\\USER\\network tester\\node_modules\\.semver-nfFT60r2',
137 silly reify   'C:\\Users\\USER\\network tester\\node_modules\\.bin\\semver': 'C:\\Users\\USER\\network tester\\node_modules\\.bin\\.semver-6MOO1F7u',
137 silly reify   'C:\\Users\\USER\\network tester\\node_modules\\.bin\\semver.cmd': 'C:\\Users\\USER\\network tester\\node_modules\\.bin\\.semver.cmd-jcBYbCu5',
137 silly reify   'C:\\Users\\USER\\network tester\\node_modules\\.bin\\semver.ps1': 'C:\\Users\\USER\\network tester\\node_modules\\.bin\\.semver.ps1-YP2EGu36',
137 silly reify   'C:\\Users\\USER\\network tester\\node_modules\\simple-update-notifier\\node_modules\\semver': 'C:\\Users\\USER\\network tester\\node_modules\\simple-update-notifier\\node_modules\\.semver-g5MyEwdW',
137 silly reify   'C:\\Users\\USER\\network tester\\node_modules\\simple-update-notifier\\node_modules\\.bin\\semver': 'C:\\Users\\USER\\network tester\\node_modules\\simple-update-notifier\\node_modules\\.bin\\.semver-WObtSugD',
137 silly reify   'C:\\Users\\USER\\network tester\\node_modules\\simple-update-notifier\\node_modules\\.bin\\semver.cmd': 'C:\\Users\\USER\\network tester\\node_modules\\simple-update-notifier\\node_modules\\.bin\\.semver.cmd-saUyMfmz',
137 silly reify   'C:\\Users\\USER\\network tester\\node_modules\\simple-update-notifier\\node_modules\\.bin\\semver.ps1': 'C:\\Users\\USER\\network tester\\node_modules\\simple-update-notifier\\node_modules\\.bin\\.semver.ps1-Xg4REekk',
137 silly reify   'C:\\Users\\USER\\network tester\\node_modules\\tiny-async-pool\\node_modules\\semver': 'C:\\Users\\USER\\network tester\\node_modules\\tiny-async-pool\\node_modules\\.semver-n634tA5U',
137 silly reify   'C:\\Users\\USER\\network tester\\node_modules\\tiny-async-pool\\node_modules\\.bin\\semver': 'C:\\Users\\USER\\network tester\\node_modules\\tiny-async-pool\\node_modules\\.bin\\.semver-3r2xfO3V',
137 silly reify   'C:\\Users\\USER\\network tester\\node_modules\\tiny-async-pool\\node_modules\\.bin\\semver.cmd': 'C:\\Users\\USER\\network tester\\node_modules\\tiny-async-pool\\node_modules\\.bin\\.semver.cmd-0udnhL3C',
137 silly reify   'C:\\Users\\USER\\network tester\\node_modules\\tiny-async-pool\\node_modules\\.bin\\semver.ps1': 'C:\\Users\\USER\\network tester\\node_modules\\tiny-async-pool\\node_modules\\.bin\\.semver.ps1-7IoErqzZ',
137 silly reify   'C:\\Users\\USER\\network tester\\node_modules\\which': 'C:\\Users\\USER\\network tester\\node_modules\\.which-DymYkcbe',
137 silly reify   'C:\\Users\\USER\\network tester\\node_modules\\.bin\\node-which': 'C:\\Users\\USER\\network tester\\node_modules\\.bin\\.node-which-U4BCbHFT',
137 silly reify   'C:\\Users\\USER\\network tester\\node_modules\\.bin\\node-which.cmd': 'C:\\Users\\USER\\network tester\\node_modules\\.bin\\.node-which.cmd-qSnev7Xe',
137 silly reify   'C:\\Users\\USER\\network tester\\node_modules\\.bin\\node-which.ps1': 'C:\\Users\\USER\\network tester\\node_modules\\.bin\\.node-which.ps1-kGneQT7G',
137 silly reify   'C:\\Users\\USER\\network tester\\node_modules\\@electron\\asar': 'C:\\Users\\USER\\network tester\\node_modules\\@electron\\.asar-GSYn3kvB',
137 silly reify   'C:\\Users\\USER\\network tester\\node_modules\\.bin\\asar': 'C:\\Users\\USER\\network tester\\node_modules\\.bin\\.asar-7fJOb0Ow',
137 silly reify   'C:\\Users\\USER\\network tester\\node_modules\\.bin\\asar.cmd': 'C:\\Users\\USER\\network tester\\node_modules\\.bin\\.asar.cmd-toZ19Yv7',
137 silly reify   'C:\\Users\\USER\\network tester\\node_modules\\.bin\\asar.ps1': 'C:\\Users\\USER\\network tester\\node_modules\\.bin\\.asar.ps1-B9BHqsiW',
137 silly reify   'C:\\Users\\USER\\network tester\\node_modules\\@electron\\fuses': 'C:\\Users\\USER\\network tester\\node_modules\\@electron\\.fuses-2WQHf8Cl',
137 silly reify   'C:\\Users\\USER\\network tester\\node_modules\\.bin\\electron-fuses': 'C:\\Users\\USER\\network tester\\node_modules\\.bin\\.electron-fuses-WndOrBBo',
137 silly reify   'C:\\Users\\USER\\network tester\\node_modules\\.bin\\electron-fuses.cmd': 'C:\\Users\\USER\\network tester\\node_modules\\.bin\\.electron-fuses.cmd-W6CnYYS4',
137 silly reify   'C:\\Users\\USER\\network tester\\node_modules\\.bin\\electron-fuses.ps1': 'C:\\Users\\USER\\network tester\\node_modules\\.bin\\.electron-fuses.ps1-UEkQUGXO',
137 silly reify   'C:\\Users\\USER\\network tester\\node_modules\\@electron\\osx-sign': 'C:\\Users\\USER\\network tester\\node_modules\\@electron\\.osx-sign-KbTqvnLy',
137 silly reify   'C:\\Users\\USER\\network tester\\node_modules\\.bin\\electron-osx-flat': 'C:\\Users\\USER\\network tester\\node_modules\\.bin\\.electron-osx-flat-BJvYKcWw',
137 silly reify   'C:\\Users\\USER\\network tester\\node_modules\\.bin\\electron-osx-flat.cmd': 'C:\\Users\\USER\\network tester\\node_modules\\.bin\\.electron-osx-flat.cmd-eKGSfTJN',
137 silly reify   'C:\\Users\\USER\\network tester\\node_modules\\.bin\\electron-osx-flat.ps1': 'C:\\Users\\USER\\network tester\\node_modules\\.bin\\.electron-osx-flat.ps1-zRKqlI9F',
137 silly reify   'C:\\Users\\USER\\network tester\\node_modules\\.bin\\electron-osx-sign': 'C:\\Users\\USER\\network tester\\node_modules\\.bin\\.electron-osx-sign-6ptXsoFI',
137 silly reify   'C:\\Users\\USER\\network tester\\node_modules\\.bin\\electron-osx-sign.cmd': 'C:\\Users\\USER\\network tester\\node_modules\\.bin\\.electron-osx-sign.cmd-UuSPRQOE',
137 silly reify   'C:\\Users\\USER\\network tester\\node_modules\\.bin\\electron-osx-sign.ps1': 'C:\\Users\\USER\\network tester\\node_modules\\.bin\\.electron-osx-sign.ps1-375uxupg',
137 silly reify   'C:\\Users\\USER\\network tester\\node_modules\\@electron\\rebuild': 'C:\\Users\\USER\\network tester\\node_modules\\@electron\\.rebuild-lr1ZgMPt',
137 silly reify   'C:\\Users\\USER\\network tester\\node_modules\\.bin\\electron-rebuild': 'C:\\Users\\USER\\network tester\\node_modules\\.bin\\.electron-rebuild-77puLY3v',
137 silly reify   'C:\\Users\\USER\\network tester\\node_modules\\.bin\\electron-rebuild.cmd': 'C:\\Users\\USER\\network tester\\node_modules\\.bin\\.electron-rebuild.cmd-KpL5beFE',
137 silly reify   'C:\\Users\\USER\\network tester\\node_modules\\.bin\\electron-rebuild.ps1': 'C:\\Users\\USER\\network tester\\node_modules\\.bin\\.electron-rebuild.ps1-HU2ieISA',
137 silly reify   'C:\\Users\\USER\\network tester\\node_modules\\@electron\\windows-sign': 'C:\\Users\\USER\\network tester\\node_modules\\@electron\\.windows-sign-FYyw8IIs',
137 silly reify   'C:\\Users\\USER\\network tester\\node_modules\\.bin\\electron-windows-sign': 'C:\\Users\\USER\\network tester\\node_modules\\.bin\\.electron-windows-sign-U3Z5EBHF',
137 silly reify   'C:\\Users\\USER\\network tester\\node_modules\\.bin\\electron-windows-sign.cmd': 'C:\\Users\\USER\\network tester\\node_modules\\.bin\\.electron-windows-sign.cmd-aoHdMEy3',
137 silly reify   'C:\\Users\\USER\\network tester\\node_modules\\.bin\\electron-windows-sign.ps1': 'C:\\Users\\USER\\network tester\\node_modules\\.bin\\.electron-windows-sign.ps1-UOqA4HCg'
137 silly reify }
138 silly audit bulk request {
138 silly audit   '7zip-bin': [ '5.2.0' ],
138 silly audit   abbrev: [ '4.0.0' ],
138 silly audit   'agent-base': [ '7.1.4' ],
138 silly audit   ajv: [ '6.15.0' ],
138 silly audit   'ajv-keywords': [ '3.5.2' ],
138 silly audit   'ansi-regex': [ '5.0.1' ],
138 silly audit   'ansi-styles': [ '4.3.0' ],
138 silly audit   'app-builder-lib': [ '26.8.1' ],
138 silly audit   'ci-info': [ '4.3.1', '4.4.0' ],
138 silly audit   semver: [ '7.7.4', '6.3.1', '7.8.0', '5.7.2' ],
138 silly audit   'fs-extra': [ '10.1.0', '8.1.0', '7.0.1', '9.1.0', '11.3.5' ],
138 silly audit   jsonfile: [ '6.2.1', '4.0.0' ],
138 silly audit   universalify: [ '2.0.1', '0.1.2' ],
138 silly audit   '@electron/get': [ '3.1.0', '2.0.3' ],
138 silly audit   argparse: [ '2.0.1' ],
138 silly audit   async: [ '3.2.6' ],
138 silly audit   'async-exit-hook': [ '2.0.1' ],
138 silly audit   asynckit: [ '0.4.0' ],
138 silly audit   'at-least-node': [ '1.0.0' ],
138 silly audit   'balanced-match': [ '4.0.4', '1.0.2' ],
138 silly audit   'base64-js': [ '1.5.1' ],
138 silly audit   boolean: [ '3.2.0' ],
138 silly audit   'brace-expansion': [ '5.0.6', '1.1.14', '2.1.0' ],
138 silly audit   'buffer-crc32': [ '0.2.13' ],
138 silly audit   'buffer-from': [ '1.1.2' ],
138 silly audit   'builder-util': [ '26.8.1' ],
138 silly audit   'builder-util-runtime': [ '9.5.1' ],
138 silly audit   'cacheable-request': [ '7.0.4' ],
138 silly audit   'cacheable-lookup': [ '5.0.4' ],
138 silly audit   'call-bind-apply-helpers': [ '1.0.2' ],
138 silly audit   chalk: [ '4.1.2' ],
138 silly audit   chownr: [ '3.0.0' ],
138 silly audit   'chromium-pickle-js': [ '0.2.0' ],
138 silly audit   cliui: [ '8.0.1' ],
138 silly audit   'clone-response': [ '1.0.3' ],
138 silly audit   'color-convert': [ '2.0.1' ],
138 silly audit   'color-name': [ '1.1.4' ],
138 silly audit   'combined-stream': [ '1.0.8' ],
138 silly audit   commander: [ '5.1.0', '9.5.0' ],
138 silly audit   'compare-version': [ '0.1.2' ],
138 silly audit   'concat-map': [ '0.0.1' ],
138 silly audit   'cross-dirname': [ '0.1.0' ],
138 silly audit   'cross-spawn': [ '7.0.6' ],
138 silly audit   which: [ '2.0.2', '6.0.1', '5.0.0' ],
138 silly audit   isexe: [ '2.0.0', '3.1.5', '4.0.0' ],
138 silly audit   debug: [ '4.4.3' ],
138 silly audit   'decompress-response': [ '6.0.0' ],
138 silly audit   'mimic-response': [ '3.1.0', '1.0.1' ],
138 silly audit   'defer-to-connect': [ '2.0.1' ],
138 silly audit   'define-data-property': [ '1.1.4' ],
138 silly audit   'define-properties': [ '1.2.1' ],
138 silly audit   'delayed-stream': [ '1.0.0' ],
138 silly audit   'detect-node': [ '2.1.0' ],
138 silly audit   'dir-compare': [ '4.2.0' ],
138 silly audit   minimatch: [ '3.1.5', '5.1.9', '10.2.5', '9.0.9' ],
138 silly audit   'dmg-builder': [ '26.8.1' ],
138 silly audit   dotenv: [ '16.6.1' ],
138 silly audit   'dotenv-expand': [ '11.0.7' ],
138 silly audit   'dunder-proto': [ '1.0.1' ],
138 silly audit   ejs: [ '3.1.10' ],
138 silly audit   electron: [ '39.8.10' ],
138 silly audit   'electron-builder': [ '26.8.1' ],
138 silly audit   'electron-builder-squirrel-windows': [ '26.8.1' ],
138 silly audit   'electron-publish': [ '26.8.1' ],
138 silly audit   'electron-winstaller': [ '5.4.0' ],
138 silly audit   'emoji-regex': [ '8.0.0' ],
138 silly audit   'end-of-stream': [ '1.4.5' ],
138 silly audit   'env-paths': [ '2.2.1' ],
138 silly audit   'err-code': [ '2.0.3' ],
138 silly audit   'es-define-property': [ '1.0.1' ],
138 silly audit   'es-errors': [ '1.3.0' ],
138 silly audit   'es-object-atoms': [ '1.1.1' ],
138 silly audit   'es-set-tostringtag': [ '2.1.0' ],
138 silly audit   'es6-error': [ '4.1.1' ],
138 silly audit   escalade: [ '3.2.0' ],
138 silly audit   'escape-string-regexp': [ '4.0.0' ],
138 silly audit   'exponential-backoff': [ '3.1.3' ],
138 silly audit   'extract-zip': [ '2.0.1' ],
138 silly audit   'fast-deep-equal': [ '3.1.3' ],
138 silly audit   'fast-json-stable-stringify': [ '2.1.0' ],
138 silly audit   'fd-slicer': [ '1.1.0' ],
138 silly audit   fdir: [ '6.5.0' ],
138 silly audit   filelist: [ '1.0.6' ],
138 silly audit   'form-data': [ '4.0.5' ],
138 silly audit   'fs.realpath': [ '1.0.0' ],
138 silly audit   'function-bind': [ '1.1.2' ],
138 silly audit   'get-caller-file': [ '2.0.5' ],
138 silly audit   'get-intrinsic': [ '1.3.0' ],
138 silly audit   'get-proto': [ '1.0.1' ],
138 silly audit   'get-stream': [ '5.2.0' ],
138 silly audit   glob: [ '7.2.3' ],
138 silly audit   'global-agent': [ '3.0.0' ],
138 silly audit   globalthis: [ '1.0.4' ],
138 silly audit   gopd: [ '1.2.0' ],
138 silly audit   'has-flag': [ '4.0.0' ],
138 silly audit   'graceful-fs': [ '4.2.11' ],
138 silly audit   got: [ '11.8.6' ],
138 silly audit   'has-property-descriptors': [ '1.0.2' ],
138 silly audit   'has-symbols': [ '1.1.0' ],
138 silly audit   'has-tostringtag': [ '1.0.2' ],
138 silly audit   hasown: [ '2.0.3' ],
138 silly audit   'hosted-git-info': [ '4.1.0' ],
138 silly audit   'http-cache-semantics': [ '4.2.0' ],
138 silly audit   'http-proxy-agent': [ '7.0.2' ],
138 silly audit   'http2-wrapper': [ '1.0.3' ],
138 silly audit   'https-proxy-agent': [ '7.0.6' ],
138 silly audit   'iconv-lite': [ '0.6.3' ],
138 silly audit   inflight: [ '1.0.6' ],
138 silly audit   inherits: [ '2.0.4' ],
138 silly audit   'is-fullwidth-code-point': [ '3.0.0' ],
138 silly audit   isbinaryfile: [ '5.0.7', '4.0.10' ],
138 silly audit   jake: [ '10.9.4' ],
138 silly audit   jiti: [ '2.7.0' ],
138 silly audit   'js-yaml': [ '4.1.1' ],
138 silly audit   'json-buffer': [ '3.0.1' ],
138 silly audit   'json-schema-traverse': [ '0.4.1' ],
138 silly audit   'json-stringify-safe': [ '5.0.1' ],
138 silly audit   json5: [ '2.2.3' ],
138 silly audit   keyv: [ '4.5.4' ],
138 silly audit   'lazy-val': [ '1.0.5' ],
138 silly audit   lodash: [ '4.18.1' ],
138 silly audit   'lowercase-keys': [ '2.0.0' ],
138 silly audit   'lru-cache': [ '6.0.0' ],
138 silly audit   matcher: [ '3.0.0' ],
138 silly audit   'math-intrinsics': [ '1.1.0' ],
138 silly audit   mime: [ '2.6.0' ],
138 silly audit   'mime-db': [ '1.52.0' ],
138 silly audit   'mime-types': [ '2.1.35' ],
138 silly audit   minimist: [ '1.2.8' ],
138 silly audit   minipass: [ '7.1.3' ],
138 silly audit   minizlib: [ '3.1.0' ],
138 silly audit   mkdirp: [ '0.5.6' ],
138 silly audit   ms: [ '2.1.3' ],
138 silly audit   'node-abi': [ '4.31.0' ],
138 silly audit   'node-api-version': [ '0.2.1' ],
138 silly audit   'node-gyp': [ '12.3.0' ],
138 silly audit   nopt: [ '9.0.0' ],
138 silly audit   'normalize-url': [ '6.1.0' ],
138 silly audit   'object-keys': [ '1.1.1' ],
138 silly audit   once: [ '1.4.0' ],
138 silly audit   'p-cancelable': [ '2.1.1' ],
138 silly audit   'p-limit': [ '3.1.0' ],
138 silly audit   'path-is-absolute': [ '1.0.1' ],
138 silly audit   'path-key': [ '3.1.1' ],
138 silly audit   'pe-library': [ '0.4.1' ],
138 silly audit   pend: [ '1.2.0' ],
138 silly audit   picocolors: [ '1.1.1' ],
138 silly audit   picomatch: [ '4.0.4' ],
138 silly audit   plist: [ '3.1.0' ],
138 silly audit   postject: [ '1.0.0-alpha.6' ],
138 silly audit   'proc-log': [ '6.1.0' ],
138 silly audit   progress: [ '2.0.3' ],
138 silly audit   'promise-retry': [ '2.0.1' ],
138 silly audit   'proper-lockfile': [ '4.1.2' ],
138 silly audit   pump: [ '3.0.4' ],
138 silly audit   punycode: [ '2.3.1' ],
138 silly audit   'quick-lru': [ '5.1.1' ],
138 silly audit   'read-binary-file-arch': [ '1.0.6' ],
138 silly audit   'require-directory': [ '2.1.1' ],
138 silly audit   resedit: [ '1.7.2' ],
138 silly audit   'resolve-alpn': [ '1.2.1' ],
138 silly audit   responselike: [ '2.0.1' ],
138 silly audit   retry: [ '0.12.0' ],
138 silly audit   rimraf: [ '2.6.3' ],
138 silly audit   roarr: [ '2.15.4' ],
138 silly audit   'safer-buffer': [ '2.1.2' ],
138 silly audit   'sanitize-filename': [ '1.6.4' ],
138 silly audit   sax: [ '1.6.0' ],
138 silly audit   'semver-compare': [ '1.0.0' ],
138 silly audit   'serialize-error': [ '7.0.1' ],
138 silly audit   'shebang-command': [ '2.0.0' ],
138 silly audit   'shebang-regex': [ '3.0.0' ],
138 silly audit   'signal-exit': [ '3.0.7' ],
138 silly audit   'simple-update-notifier': [ '2.0.0' ],
138 silly audit   'source-map': [ '0.6.1' ],
138 silly audit   'source-map-support': [ '0.5.21' ],
138 silly audit   'sprintf-js': [ '1.1.3' ],
138 silly audit   'stat-mode': [ '1.0.0' ],
138 silly audit   'string-width': [ '4.2.3' ],
138 silly audit   'strip-ansi': [ '6.0.1' ],
138 silly audit   sumchecker: [ '3.0.1' ],
138 silly audit   'supports-color': [ '7.2.0' ],
138 silly audit   tar: [ '7.5.15' ],
138 silly audit   yallist: [ '5.0.0', '4.0.0' ],
138 silly audit   temp: [ '0.9.4' ],
138 silly audit   'temp-file': [ '3.4.0' ],
138 silly audit   'tiny-async-pool': [ '1.3.0' ],
138 silly audit   tinyglobby: [ '0.2.16' ],
138 silly audit   tmp: [ '0.2.5' ],
138 silly audit   'tmp-promise': [ '3.0.3' ],
138 silly audit   'truncate-utf8-bytes': [ '1.0.2' ],
138 silly audit   undici: [ '6.25.0' ],
138 silly audit   'type-fest': [ '0.13.1' ],
138 silly audit   'undici-types': [ '6.21.0' ],
138 silly audit   'uri-js': [ '4.4.1' ],
138 silly audit   'utf8-byte-length': [ '1.0.5' ],
138 silly audit   'wrap-ansi': [ '7.0.0' ],
138 silly audit   wrappy: [ '1.0.2' ],
138 silly audit   xmlbuilder: [ '15.1.1' ],
138 silly audit   y18n: [ '5.0.8' ],
138 silly audit   yargs: [ '17.7.2' ],
138 silly audit   'yargs-parser': [ '21.1.1' ],
138 silly audit   yauzl: [ '2.10.0' ],
138 silly audit   'yocto-queue': [ '0.1.0' ],
138 silly audit   '@develar/schema-utils': [ '2.6.5' ],
138 silly audit   '@electron/asar': [ '3.4.1' ],
138 silly audit   '@electron/fuses': [ '1.8.0' ],
138 silly audit   '@electron/notarize': [ '2.5.0' ],
138 silly audit   '@electron/osx-sign': [ '1.3.3' ],
138 silly audit   '@electron/rebuild': [ '4.0.4' ],
138 silly audit   '@electron/universal': [ '2.0.3' ],
138 silly audit   '@electron/windows-sign': [ '1.2.2' ],
138 silly audit   '@isaacs/fs-minipass': [ '4.0.1' ],
138 silly audit   '@malept/cross-spawn-promise': [ '2.0.0' ],
138 silly audit   '@malept/flatpak-bundler': [ '0.4.0' ],
138 silly audit   '@sindresorhus/is': [ '4.6.0' ],
138 silly audit   '@szmarczak/http-timer': [ '4.0.6' ],
138 silly audit   '@types/cacheable-request': [ '6.0.3' ],
138 silly audit   '@types/debug': [ '4.1.13' ],
138 silly audit   '@types/fs-extra': [ '9.0.13' ],
138 silly audit   '@types/http-cache-semantics': [ '4.2.0' ],
138 silly audit   '@types/keyv': [ '3.1.4' ],
138 silly audit   '@types/ms': [ '2.1.0' ],
138 silly audit   '@types/node': [ '22.19.19' ],
138 silly audit   '@types/responselike': [ '1.0.3' ],
138 silly audit   '@types/yauzl': [ '2.10.3' ],
138 silly audit   '@xmldom/xmldom': [ '0.8.13' ],
138 silly audit   'app-builder-bin': [ '5.0.0-alpha.12' ],
138 silly audit   'dmg-license': [ '1.0.11' ],
138 silly audit   '@types/plist': [ '3.0.5' ],
138 silly audit   '@types/verror': [ '1.10.11' ],
138 silly audit   crc: [ '3.8.0' ],
138 silly audit   'iconv-corefoundation': [ '1.1.7' ],
138 silly audit   'smart-buffer': [ '4.2.0' ],
138 silly audit   verror: [ '1.10.1' ],
138 silly audit   buffer: [ '5.7.1' ],
138 silly audit   ieee754: [ '1.2.1' ],
138 silly audit   'cli-truncate': [ '2.1.0' ],
138 silly audit   'node-addon-api': [ '1.7.2' ],
138 silly audit   'slice-ansi': [ '3.0.0' ],
138 silly audit   'astral-regex': [ '2.0.0' ],
138 silly audit   'assert-plus': [ '1.0.0' ],
138 silly audit   'core-util-is': [ '1.0.2' ],
138 silly audit   extsprintf: [ '1.4.1' ]
138 silly audit }
139 silly packumentCache corgi:https://registry.npmjs.org/@electron%2fwindows-sign cache-miss
140 silly packumentCache corgi:https://registry.npmjs.org/@electron%2frebuild cache-miss
141 silly packumentCache corgi:https://registry.npmjs.org/@electron%2fosx-sign cache-miss
142 silly packumentCache corgi:https://registry.npmjs.org/@electron%2ffuses cache-miss
143 silly packumentCache corgi:https://registry.npmjs.org/which cache-miss
144 silly packumentCache corgi:https://registry.npmjs.org/semver cache-miss
145 silly packumentCache corgi:https://registry.npmjs.org/rimraf cache-miss
146 silly packumentCache corgi:https://registry.npmjs.org/read-binary-file-arch cache-miss
147 silly packumentCache corgi:https://registry.npmjs.org/postject cache-miss
148 silly packumentCache corgi:https://registry.npmjs.org/nopt cache-miss
149 silly packumentCache corgi:https://registry.npmjs.org/node-gyp cache-miss
150 silly packumentCache corgi:https://registry.npmjs.org/mkdirp cache-miss
151 silly packumentCache corgi:https://registry.npmjs.org/mime cache-miss
152 silly packumentCache corgi:https://registry.npmjs.org/json5 cache-miss
153 silly packumentCache corgi:https://registry.npmjs.org/js-yaml cache-miss
154 silly packumentCache corgi:https://registry.npmjs.org/jiti cache-miss
155 silly packumentCache corgi:https://registry.npmjs.org/extract-zip cache-miss
156 silly packumentCache corgi:https://registry.npmjs.org/jake cache-miss
157 silly packumentCache corgi:https://registry.npmjs.org/electron-builder cache-miss
158 silly packumentCache corgi:https://registry.npmjs.org/semver cache-miss
159 silly packumentCache corgi:https://registry.npmjs.org/electron cache-miss
160 silly packumentCache corgi:https://registry.npmjs.org/ejs cache-miss
161 silly packumentCache corgi:https://registry.npmjs.org/semver cache-miss
162 silly packumentCache corgi:https://registry.npmjs.org/semver cache-miss
163 silly packumentCache corgi:https://registry.npmjs.org/which cache-miss
164 silly packumentCache corgi:https://registry.npmjs.org/semver cache-miss
165 silly packumentCache corgi:https://registry.npmjs.org/semver cache-miss
166 silly packumentCache corgi:https://registry.npmjs.org/semver cache-miss
167 http cache app-builder-bin@https://registry.npmjs.org/app-builder-bin/-/app-builder-bin-5.0.0-alpha.12.tgz 0ms (cache hit)
168 silly packumentCache corgi:https://registry.npmjs.org/@electron%2fasar cache-miss
169 silly packumentCache corgi:https://registry.npmjs.org/which cache-miss
170 silly packumentCache corgi:https://registry.npmjs.org/semver cache-miss
171 silly packumentCache corgi:https://registry.npmjs.org/semver cache-miss
172 silly tarball no local data for app-builder-bin@https://registry.npmjs.org/app-builder-bin/-/app-builder-bin-5.0.0-alpha.12.tgz. Extracting by manifest.
173 http fetch POST 200 https://registry.npmjs.org/-/npm/v1/security/advisories/bulk 6451ms
174 silly audit report {}
175 http fetch GET 200 https://registry.npmjs.org/js-yaml 6562ms (cache miss)
176 silly packumentCache corgi:https://registry.npmjs.org/js-yaml set size:undefined disposed:false
177 http fetch GET 200 https://registry.npmjs.org/@electron%2frebuild 6755ms (cache miss)
178 silly packumentCache corgi:https://registry.npmjs.org/@electron%2frebuild set size:undefined disposed:false
179 http fetch GET 200 https://registry.npmjs.org/jiti 6794ms (cache miss)
180 silly packumentCache corgi:https://registry.npmjs.org/jiti set size:undefined disposed:false
181 http fetch GET 200 https://registry.npmjs.org/extract-zip 6922ms (cache miss)
182 silly packumentCache corgi:https://registry.npmjs.org/extract-zip set size:undefined disposed:false
183 http fetch GET 200 https://registry.npmjs.org/jake 7002ms (cache miss)
184 silly packumentCache corgi:https://registry.npmjs.org/jake set size:undefined disposed:false
185 http fetch GET 200 https://registry.npmjs.org/semver 7355ms (cache miss)
186 silly packumentCache corgi:https://registry.npmjs.org/semver set size:undefined disposed:false
187 http fetch GET 200 https://registry.npmjs.org/electron-builder 7430ms (cache miss)
188 silly packumentCache corgi:https://registry.npmjs.org/electron-builder set size:undefined disposed:false
189 http fetch GET 200 https://registry.npmjs.org/ejs 7616ms (cache miss)
190 silly packumentCache corgi:https://registry.npmjs.org/ejs set size:undefined disposed:false
191 http fetch GET 200 https://registry.npmjs.org/semver 7789ms (cache miss)
192 silly packumentCache corgi:https://registry.npmjs.org/semver set size:undefined disposed:false
193 http fetch GET 200 https://registry.npmjs.org/json5 13314ms (cache miss)
194 silly packumentCache corgi:https://registry.npmjs.org/json5 set size:undefined disposed:false
195 http fetch GET 200 https://registry.npmjs.org/which 13501ms (cache miss)
196 silly packumentCache corgi:https://registry.npmjs.org/which set size:undefined disposed:false
197 http fetch GET 200 https://registry.npmjs.org/semver 13785ms (cache miss)
198 silly packumentCache corgi:https://registry.npmjs.org/semver set size:undefined disposed:false
199 http fetch GET 200 https://registry.npmjs.org/electron 13888ms (cache miss)
200 silly packumentCache corgi:https://registry.npmjs.org/electron set size:undefined disposed:false
201 http fetch GET 200 https://registry.npmjs.org/semver 14012ms (cache miss)
202 silly packumentCache corgi:https://registry.npmjs.org/semver set size:undefined disposed:false
203 http fetch GET 200 https://registry.npmjs.org/semver 14086ms (cache miss)
204 silly packumentCache corgi:https://registry.npmjs.org/semver set size:undefined disposed:false
205 http fetch GET 200 https://registry.npmjs.org/@electron%2fasar 14207ms (cache miss)
206 silly packumentCache corgi:https://registry.npmjs.org/@electron%2fasar set size:undefined disposed:false
207 http fetch GET 200 https://registry.npmjs.org/which 14259ms (cache miss)
208 silly packumentCache corgi:https://registry.npmjs.org/which set size:undefined disposed:false
209 http fetch GET 200 https://registry.npmjs.org/semver 14415ms (cache miss)
210 silly packumentCache corgi:https://registry.npmjs.org/semver set size:undefined disposed:false
211 http fetch GET 200 https://registry.npmjs.org/semver 14493ms (cache miss)
212 silly packumentCache corgi:https://registry.npmjs.org/semver set size:undefined disposed:false
213 http fetch GET 200 https://registry.npmjs.org/semver 14480ms (cache miss)
214 silly packumentCache corgi:https://registry.npmjs.org/semver set size:undefined disposed:false
215 http fetch GET 200 https://registry.npmjs.org/js-yaml/-/js-yaml-4.1.1.tgz 8356ms (cache miss)
216 http fetch GET 200 https://registry.npmjs.org/@electron/rebuild/-/rebuild-4.0.4.tgz 8231ms (cache miss)
217 http fetch GET 200 https://registry.npmjs.org/read-binary-file-arch 15011ms (cache miss)
218 silly packumentCache corgi:https://registry.npmjs.org/read-binary-file-arch set size:undefined disposed:false
219 http fetch GET 200 https://registry.npmjs.org/extract-zip/-/extract-zip-2.0.1.tgz 8211ms (cache miss)
220 http fetch GET 200 https://registry.npmjs.org/node-gyp 15230ms (cache miss)
221 silly packumentCache corgi:https://registry.npmjs.org/node-gyp set size:undefined disposed:false
222 http fetch GET 200 https://registry.npmjs.org/jake/-/jake-10.9.4.tgz 8443ms (cache miss)
223 http fetch GET 200 https://registry.npmjs.org/@electron%2fosx-sign 15545ms (cache miss)
224 silly packumentCache corgi:https://registry.npmjs.org/@electron%2fosx-sign set size:undefined disposed:false
225 http fetch GET 200 https://registry.npmjs.org/semver/-/semver-5.7.2.tgz 8274ms (cache miss)
226 http fetch GET 200 https://registry.npmjs.org/semver 15731ms (cache miss)
227 silly packumentCache corgi:https://registry.npmjs.org/semver set size:undefined disposed:false
228 http fetch GET 200 https://registry.npmjs.org/electron-builder/-/electron-builder-26.8.1.tgz 8335ms (cache miss)
229 http fetch GET 200 https://registry.npmjs.org/jiti/-/jiti-2.7.0.tgz 9037ms (cache miss)
230 http fetch GET 200 https://registry.npmjs.org/ejs/-/ejs-3.1.10.tgz 8329ms (cache miss)
231 http fetch GET 200 https://registry.npmjs.org/semver/-/semver-7.8.0.tgz 8322ms (cache miss)
232 http fetch GET 200 https://registry.npmjs.org/which/-/which-6.0.1.tgz 2661ms (cache miss)
233 http fetch GET 200 https://registry.npmjs.org/json5/-/json5-2.2.3.tgz 2887ms (cache miss)
234 http fetch GET https://registry.npmjs.org/@electron%2fwindows-sign attempt 1 failed with ECONNRESET
235 http fetch GET https://registry.npmjs.org/which attempt 1 failed with ETIMEDOUT
236 http fetch GET https://registry.npmjs.org/postject attempt 1 failed with ETIMEDOUT
237 http fetch GET https://registry.npmjs.org/mkdirp attempt 1 failed with ETIMEDOUT
238 http fetch GET https://registry.npmjs.org/mime attempt 1 failed with ETIMEDOUT
239 http fetch GET 200 https://registry.npmjs.org/which/-/which-2.0.2.tgz 7102ms (cache miss)
240 http fetch GET 200 https://registry.npmjs.org/@electron/asar/-/asar-3.4.1.tgz 8111ms (cache miss)
241 http fetch GET 200 https://registry.npmjs.org/semver/-/semver-7.8.0.tgz 8701ms (cache miss)
242 http fetch GET 200 https://registry.npmjs.org/semver/-/semver-7.8.0.tgz 8614ms (cache miss)
243 http fetch GET 200 https://registry.npmjs.org/semver/-/semver-6.3.1.tgz 8281ms (cache miss)
244 http fetch GET 200 https://registry.npmjs.org/read-binary-file-arch/-/read-binary-file-arch-1.0.6.tgz 7842ms (cache miss)
245 http fetch GET 200 https://registry.npmjs.org/semver/-/semver-7.8.0.tgz 8364ms (cache miss)
246 http fetch GET 200 https://registry.npmjs.org/electron/-/electron-39.8.10.tgz 8949ms (cache miss)
247 http fetch GET 200 https://registry.npmjs.org/nopt 22887ms (cache miss)
248 silly packumentCache corgi:https://registry.npmjs.org/nopt set size:undefined disposed:false
249 http fetch GET 200 https://registry.npmjs.org/semver/-/semver-7.7.4.tgz 8408ms (cache miss)
250 http fetch GET 200 https://registry.npmjs.org/rimraf 22986ms (cache miss)
251 silly packumentCache corgi:https://registry.npmjs.org/rimraf set size:undefined disposed:false
252 http fetch GET 200 https://registry.npmjs.org/semver/-/semver-6.3.1.tgz 7372ms (cache miss)
253 http fetch GET 200 https://registry.npmjs.org/@electron/osx-sign/-/osx-sign-1.3.3.tgz 7804ms (cache miss)
254 http fetch GET 200 https://registry.npmjs.org/nopt/-/nopt-9.0.0.tgz 492ms (cache miss)
255 http fetch GET 200 https://registry.npmjs.org/rimraf/-/rimraf-2.6.3.tgz 539ms (cache miss)
256 http fetch GET 200 https://registry.npmjs.org/node-gyp/-/node-gyp-12.3.0.tgz 8619ms (cache miss)
257 http fetch GET 200 https://registry.npmjs.org/@electron%2fwindows-sign 29808ms attempt #2 (cache miss)
258 silly packumentCache corgi:https://registry.npmjs.org/@electron%2fwindows-sign set size:undefined disposed:false
259 http fetch GET 200 https://registry.npmjs.org/@electron/windows-sign/-/windows-sign-1.2.2.tgz 670ms (cache miss)
260 http fetch GET 200 https://registry.npmjs.org/which 31275ms attempt #2 (cache miss)
261 silly packumentCache corgi:https://registry.npmjs.org/which set size:undefined disposed:false
262 http fetch GET 200 https://registry.npmjs.org/mime 31353ms attempt #2 (cache miss)
263 silly packumentCache corgi:https://registry.npmjs.org/mime set size:undefined disposed:false
264 http fetch GET 200 https://registry.npmjs.org/mkdirp 31394ms attempt #2 (cache miss)
265 silly packumentCache corgi:https://registry.npmjs.org/mkdirp set size:undefined disposed:false
266 http fetch GET 200 https://registry.npmjs.org/which/-/which-5.0.0.tgz 215ms (cache miss)
267 http fetch GET 200 https://registry.npmjs.org/postject 31490ms attempt #2 (cache miss)
268 silly packumentCache corgi:https://registry.npmjs.org/postject set size:undefined disposed:false
269 http fetch GET 200 https://registry.npmjs.org/@electron%2ffuses 31514ms (cache miss)
270 silly packumentCache corgi:https://registry.npmjs.org/@electron%2ffuses set size:undefined disposed:false
271 http fetch GET 200 https://registry.npmjs.org/mime/-/mime-2.6.0.tgz 217ms (cache miss)
272 http fetch GET 200 https://registry.npmjs.org/mkdirp/-/mkdirp-0.5.6.tgz 195ms (cache miss)
273 http fetch GET 200 https://registry.npmjs.org/@electron/fuses/-/fuses-1.8.0.tgz 279ms (cache miss)
274 http fetch GET 200 https://registry.npmjs.org/postject/-/postject-1.0.0-alpha.6.tgz 7316ms (cache miss)
275 http fetch GET https://registry.npmjs.org/semver/-/semver-7.8.0.tgz attempt 1 failed with ECONNRESET
276 http fetch GET 200 https://registry.npmjs.org/semver/-/semver-7.8.0.tgz 49601ms attempt #2 (cache miss)
277 http fetch GET 200 https://registry.npmjs.org/app-builder-bin/-/app-builder-bin-5.0.0-alpha.12.tgz 382279ms (cache miss)
278 info run electron@39.8.10 postinstall node_modules/electron node install.js
279 verbose cwd C:\Users\USER\network tester
280 verbose os Windows_NT 10.0.19045
281 verbose node v24.14.1
282 verbose npm  v11.14.1
283 verbose exit 1
284 verbose code 1
285 error A complete log of this run can be found in: C:\Users\USER\network tester\.npm-cache\_logs\2026-05-19T13_27_43_944Z-debug-0.log
